<?xml version="1.0" encoding="UTF-8"?>
<!-- Generated by org.testng.reporters.JUnitReportReporter -->
<testsuite skipped="0" hostname="Lenovo-PC" name="script.Test1" tests="3" failures="0" timestamp="05 Aug 2018 13:39:49 GMT" time="0.016" errors="0">
  <testcase name="test2" time="0.003" classname="script.Test1"/>
  <testcase name="test3" time="0.003" classname="script.Test1"/>
  <testcase name="test1" time="0.010" classname="script.Test1"/>
</testsuite> <!-- script.Test1 -->
